#
# A fatal error has been detected by the Java Runtime Environment:
#
#  EXCEPTION_ACCESS_VIOLATION (0xc0000005) at pc=0x00007ffc81269af5, pid=6252, tid=9388
#
# JRE version: OpenJDK Runtime Environment (15.0.2+7) (build 15.0.2+7-27)
# Java VM: OpenJDK 64-Bit Server VM (15.0.2+7-27, mixed mode, tiered, compressed oops, g1 gc, windows-amd64)
# Problematic frame:
# V  [jvm.dll+0x1a9af5]
#
# No core dump will be written. Minidumps are not enabled by default on client versions of Windows
#
# If you would like to submit a bug report, please visit:
#   https://bugreport.java.com/bugreport/crash.jsp
#

---------------  S U M M A R Y ------------

Command Line: -Dcom.sun.management.jmxremote -Dcom.sun.management.jmxremote.port=49769 -Dcom.sun.management.jmxremote.authenticate=false -Dcom.sun.management.jmxremote.ssl=false -Djava.rmi.server.hostname=localhost -Dspring.jmx.enabled=true -Dspring.application.admin.enabled=true -XX:TieredStopAtLevel=1 -Dspring.boot.project.name=demo-3 -Dfile.encoding=UTF-8 -XX:+ShowCodeDetailsInExceptionMessages com.example.demo.Demo3Application

Host: Intel(R) Core(TM) i5-7200U CPU @ 2.50GHz, 4 cores, 7G,  Windows 10 , 64 bit Build 19041 (10.0.19041.928)
Time: Thu May 13 23:22:48 2021 India Standard Time elapsed time: 1.856590 seconds (0d 0h 0m 1s)

---------------  T H R E A D  ---------------

Current thread (0x0000021eec37be50):  JavaThread "C1 CompilerThread0" daemon [_thread_in_vm, id=9388, stack(0x0000007d5b100000,0x0000007d5b200000)]


Current CompileTask:
C1:   1856 1450       1       org.springframework.boot.context.properties.source.ConfigurationPropertyName$ElementsParser::parse (234 bytes)

Stack: [0x0000007d5b100000,0x0000007d5b200000],  sp=0x0000007d5b1fe1f0,  free space=1016k
Native frames: (J=compiled Java code, j=interpreted, Vv=VM code, C=native code)
V  [jvm.dll+0x1a9af5]
V  [jvm.dll+0x19d7cb]
V  [jvm.dll+0x1a73c2]
V  [jvm.dll+0x1a7b23]
V  [jvm.dll+0x19629b]
V  [jvm.dll+0x195ec0]
V  [jvm.dll+0x1aaed3]
V  [jvm.dll+0x119047]
V  [jvm.dll+0x11bdc5]
V  [jvm.dll+0x11a0a4]
V  [jvm.dll+0x113ea8]
V  [jvm.dll+0x123d32]
V  [jvm.dll+0x10f510]
V  [jvm.dll+0x10f890]
V  [jvm.dll+0x10fb54]
V  [jvm.dll+0x10ee92]
V  [jvm.dll+0x110d2c]
V  [jvm.dll+0x1f9225]
V  [jvm.dll+0x1f72cc]
V  [jvm.dll+0x74495d]
V  [jvm.dll+0x73d75a]
V  [jvm.dll+0x629c56]
C  [ucrtbase.dll+0x21bb2]
C  [KERNEL32.DLL+0x17034]
C  [ntdll.dll+0x52651]


siginfo: EXCEPTION_ACCESS_VIOLATION (0xc0000005), reading address 0x0000000000000018


Register to memory mapping:

RIP=0x00007ffc81269af5 jvm.dll
RAX=0x0000000000000002 is an unknown value
RBX=0x0000021eece1fd20 points into unknown readable memory: 0x0000000800000002 | 02 00 00 00 08 00 00 00
RCX=0x0000000000000001 is an unknown value
RDX=0x000000000000000a is an unknown value
RSP=0x0000007d5b1fe1f0 is pointing into the stack for thread: 0x0000021eec37be50
RBP=0x0000007d5b1ff040 is pointing into the stack for thread: 0x0000021eec37be50
RSI=0x0 is NULL
RDI=0x0000021eece1fd40 points into unknown readable memory: 0x0000021eecdc43b0 | b0 43 dc ec 1e 02 00 00
R8 =0x0000000000000019 is an unknown value
R9 =0x0000021eecdbfaa0 points into unknown readable memory: 0x0000021eec38d2d0 | d0 d2 38 ec 1e 02 00 00
R10=0x000000000e0c3399 is an unknown value
R11=0x0000007d5b1fe120 is pointing into the stack for thread: 0x0000021eec37be50
R12=0x0000000000000001 is an unknown value
R13=0x0000000000000001 is an unknown value
R14=0x0 is NULL
R15=0x0000021eece1fd00 points into unknown readable memory: 0x0000021eece1fce0 | e0 fc e1 ec 1e 02 00 00


Registers:
RAX=0x0000000000000002, RBX=0x0000021eece1fd20, RCX=0x0000000000000001, RDX=0x000000000000000a
RSP=0x0000007d5b1fe1f0, RBP=0x0000007d5b1ff040, RSI=0x0000000000000000, RDI=0x0000021eece1fd40
R8 =0x0000000000000019, R9 =0x0000021eecdbfaa0, R10=0x000000000e0c3399, R11=0x0000007d5b1fe120
R12=0x0000000000000001, R13=0x0000000000000001, R14=0x0000000000000000, R15=0x0000021eece1fd00
RIP=0x00007ffc81269af5, EFLAGS=0x0000000000010293

Top of Stack: (sp=0x0000007d5b1fe1f0)
0x0000007d5b1fe1f0:   0000021eece1fd20 0000021eecdc43b0
0x0000007d5b1fe200:   0000021eece1fce0 0000021eebac1060
0x0000007d5b1fe210:   0000021eecdc0700 00000000000000b7
0x0000007d5b1fe220:   0000000000010388 0000021eece5e480
0x0000007d5b1fe230:   0000021eece5f968 0000021eecefc020
0x0000007d5b1fe240:   0000001a00000019 0000000000000094
0x0000007d5b1fe250:   0000000100000000 0000021eeb9c9b48
0x0000007d5b1fe260:   0000000000000000 00007ffc81268070
0x0000007d5b1fe270:   0000007d5b1fe2d0 000000000000007f
0x0000007d5b1fe280:   00000000000000b7 0000021eece1fce0
0x0000007d5b1fe290:   0000021eeb9cce80 0000021eece1fc40
0x0000007d5b1fe2a0:   0000007d5b1fe340 0000000000000000
0x0000007d5b1fe2b0:   0000021eed922290 00007ffc8125d7cb
0x0000007d5b1fe2c0:   0000007d5b1ff040 0000021eece57980
0x0000007d5b1fe2d0:   0000007d5b1fe2e0 0000021eebb25210
0x0000007d5b1fe2e0:   0000021eed922290 0000021eec37be50 

Instructions: (pc=0x00007ffc81269af5)
0x00007ffc812699f5:   ba b2 00 00 00 48 8d 0d 37 c2 6b 00 e8 aa c7 06
0x00007ffc81269a05:   00 e8 35 0f 48 00 49 8b c6 eb 0c 48 8b 4d 38 48
0x00007ffc81269a15:   8b d0 e8 24 e3 ff ff 4c 8b 84 24 e0 00 00 00 4c
0x00007ffc81269a25:   8b c8 49 8b 57 08 48 8b cd c6 44 24 20 00 e8 78
0x00007ffc81269a35:   be fe ff 49 8b 5f 10 48 8b f0 8b 03 3b 43 04 0f
0x00007ffc81269a45:   85 94 00 00 00 8d 50 01 85 d2 74 04 85 c2 74 18
0x00007ffc81269a55:   0f bd c2 ba 1f 00 00 00 b9 20 00 00 00 2b d0 2a
0x00007ffc81269a65:   ca ba 01 00 00 00 d3 e2 89 53 04 48 8b cb ba 08
0x00007ffc81269a75:   00 00 00 e8 c3 a2 16 00 83 3b 00 48 8b f8 41 8b
0x00007ffc81269a85:   ce 7e 20 4d 8b ce 0f 1f 44 00 00 48 8b 53 18 4d
0x00007ffc81269a95:   8d 49 08 ff c1 4d 8b 44 11 f8 4d 89 44 01 f8 3b
0x00007ffc81269aa5:   0b 7c e8 3b 4b 04 7d 13 0f 1f 00 48 63 c1 33 d2
0x00007ffc81269ab5:   ff c1 48 89 14 c7 3b 4b 04 7c f0 48 83 7b 08 01
0x00007ffc81269ac5:   75 11 48 8b 53 18 48 85 d2 74 08 48 8b cb e8 98
0x00007ffc81269ad5:   18 07 00 48 89 7b 18 eb 04 48 8b 7b 18 48 63 0b
0x00007ffc81269ae5:   8d 41 01 89 03 48 89 34 cf 83 7c 24 64 03 74 21
0x00007ffc81269af5:   48 63 46 18 48 8d 0d 20 2f 85 00 41 ff c5 44 03
0x00007ffc81269b05:   24 81 48 8d 4c 24 48 e8 af e3 4f 00 e9 bd fe ff
0x00007ffc81269b15:   ff 48 8d 4c 24 48 45 89 67 18 45 89 6f 1c e8 b8
0x00007ffc81269b25:   d8 4f 00 48 8b 9c 24 d8 00 00 00 48 8b ac 24 e8
0x00007ffc81269b35:   00 00 00 48 83 3b 00 74 15 48 8b 54 24 30 48 8b
0x00007ffc81269b45:   cd e8 b5 ed ee ff 48 8b cb e8 1d ed ee ff 48 8b
0x00007ffc81269b55:   44 24 38 48 89 5d 10 48 89 45 18 48 8b 44 24 40
0x00007ffc81269b65:   48 89 45 20 49 8b c7 48 81 c4 88 00 00 00 41 5f
0x00007ffc81269b75:   41 5e 41 5d 41 5c 5f 5e 5d 5b c3 48 89 5c 24 08
0x00007ffc81269b85:   48 8b 02 48 8b da 4c 8b 01 4c 8b d1 48 8b 40 10
0x00007ffc81269b95:   49 39 40 10 75 60 4c 63 59 1c 45 85 db 7e 31 48
0x00007ffc81269ba5:   8b 42 10 33 d2 48 8b 49 10 48 8b 40 18 4c 8b 41
0x00007ffc81269bb5:   18 4c 2b c0 0f 1f 80 00 00 00 00 48 8b 08 49 39
0x00007ffc81269bc5:   0c 00 75 32 48 ff c2 48 83 c0 08 49 3b d3 7c eb
0x00007ffc81269bd5:   48 8b 43 10 4c 63 4b 1c 48 8b 50 18 49 8b 42 10
0x00007ffc81269be5:   48 8b 48 18 4a 8b 04 ca 4a 39 04 d9 75 08 b0 01 


Stack slot to memory mapping:
stack at sp + 0 slots: 0x0000021eece1fd20 points into unknown readable memory: 0x0000000800000002 | 02 00 00 00 08 00 00 00
stack at sp + 1 slots: 0x0000021eecdc43b0 points into unknown readable memory: 0x00007ffc819261f0 | f0 61 92 81 fc 7f 00 00
stack at sp + 2 slots: 0x0000021eece1fce0 points into unknown readable memory: 0x00007ffc81928108 | 08 81 92 81 fc 7f 00 00
stack at sp + 3 slots: 0x0000021eebac1060 points into unknown readable memory: 0x00007ffc81928108 | 08 81 92 81 fc 7f 00 00
stack at sp + 4 slots: 0x0000021eecdc0700 points into unknown readable memory: 0x0000000000000000 | 00 00 00 00 00 00 00 00
stack at sp + 5 slots: 0x00000000000000b7 is an unknown value
stack at sp + 6 slots: 0x0000000000010388 is an unknown value
stack at sp + 7 slots: 0x0000021eece5e480 points into unknown readable memory: 0x697270732e67726f | 6f 72 67 2e 73 70 72 69


---------------  P R O C E S S  ---------------

Threads class SMR info:
_java_thread_list=0x0000021eecacf450, length=17, elements={
0x0000021ed2098840, 0x0000021eebb33c80, 0x0000021eebb370d0, 0x0000021eec378000,
0x0000021eec3788c0, 0x0000021eec37b190, 0x0000021eec37be50, 0x0000021eebb3b4c0,
0x0000021eebaa3fe0, 0x0000021eec523780, 0x0000021eeca30a10, 0x0000021eeca735e0,
0x0000021eeca69170, 0x0000021eecabd460, 0x0000021ed2099900, 0x0000021eecafb7d0,
0x0000021eecad8fc0
}

Java Threads: ( => current thread )
  0x0000021ed2098840 JavaThread "main" [_thread_blocked, id=9228, stack(0x0000007d5a500000,0x0000007d5a600000)]
  0x0000021eebb33c80 JavaThread "Reference Handler" daemon [_thread_blocked, id=10036, stack(0x0000007d5ac00000,0x0000007d5ad00000)]
  0x0000021eebb370d0 JavaThread "Finalizer" daemon [_thread_blocked, id=8648, stack(0x0000007d5ad00000,0x0000007d5ae00000)]
  0x0000021eec378000 JavaThread "Signal Dispatcher" daemon [_thread_blocked, id=9612, stack(0x0000007d5ae00000,0x0000007d5af00000)]
  0x0000021eec3788c0 JavaThread "Attach Listener" daemon [_thread_blocked, id=8532, stack(0x0000007d5af00000,0x0000007d5b000000)]
  0x0000021eec37b190 JavaThread "Service Thread" daemon [_thread_blocked, id=8256, stack(0x0000007d5b000000,0x0000007d5b100000)]
=>0x0000021eec37be50 JavaThread "C1 CompilerThread0" daemon [_thread_in_vm, id=9388, stack(0x0000007d5b100000,0x0000007d5b200000)]
  0x0000021eebb3b4c0 JavaThread "Sweeper thread" daemon [_thread_blocked, id=4340, stack(0x0000007d5b200000,0x0000007d5b300000)]
  0x0000021eebaa3fe0 JavaThread "Common-Cleaner" daemon [_thread_blocked, id=6452, stack(0x0000007d5b300000,0x0000007d5b400000)]
  0x0000021eec523780 JavaThread "Notification Thread" daemon [_thread_blocked, id=8628, stack(0x0000007d5b400000,0x0000007d5b500000)]
  0x0000021eeca30a10 JavaThread "RMI TCP Accept-0" daemon [_thread_in_native, id=8104, stack(0x0000007d5b600000,0x0000007d5b700000)]
  0x0000021eeca735e0 JavaThread "RMI TCP Accept-49769" daemon [_thread_in_native, id=928, stack(0x0000007d5b700000,0x0000007d5b800000)]
  0x0000021eeca69170 JavaThread "RMI TCP Connection(1)-127.0.0.1" daemon [_thread_in_native, id=7500, stack(0x0000007d5b800000,0x0000007d5b900000)]
  0x0000021eecabd460 JavaThread "RMI TCP Accept-0" daemon [_thread_in_native, id=9100, stack(0x0000007d5b900000,0x0000007d5ba00000)]
  0x0000021ed2099900 JavaThread "RMI Scheduler(0)" daemon [_thread_blocked, id=8044, stack(0x0000007d5bb00000,0x0000007d5bc00000)]
  0x0000021eecafb7d0 JavaThread "RMI TCP Connection(2)-127.0.0.1" daemon [_thread_in_native, id=5864, stack(0x0000007d5bc00000,0x0000007d5bd00000)]
  0x0000021eecad8fc0 JavaThread "JMX server connection timeout 20" daemon [_thread_blocked, id=9192, stack(0x0000007d5bd00000,0x0000007d5be00000)]

Other Threads:
  0x0000021eebb0bf00 VMThread "VM Thread" [stack: 0x0000007d5ab00000,0x0000007d5ac00000] [id=8168] _threads_hazard_ptr=0x0000021eecacf450
  0x0000021eecabd930 WatcherThread [stack: 0x0000007d5ba00000,0x0000007d5bb00000] [id=1520]
  0x0000021ed20d7910 GCTaskThread "GC Thread#0" [stack: 0x0000007d5a600000,0x0000007d5a700000] [id=9264]
  0x0000021eec9f4ba0 GCTaskThread "GC Thread#1" [stack: 0x0000007d5be00000,0x0000007d5bf00000] [id=3756]
  0x0000021eec9f3550 GCTaskThread "GC Thread#2" [stack: 0x0000007d5bf00000,0x0000007d5c000000] [id=9176]
  0x0000021ed20e8870 ConcurrentGCThread "G1 Main Marker" [stack: 0x0000007d5a700000,0x0000007d5a800000] [id=8936]
  0x0000021ed20e9cd0 ConcurrentGCThread "G1 Conc#0" [stack: 0x0000007d5a800000,0x0000007d5a900000] [id=9500]
  0x0000021ed2160060 ConcurrentGCThread "G1 Refine#0" [stack: 0x0000007d5a900000,0x0000007d5aa00000] [id=7764]
  0x0000021eecc43040 ConcurrentGCThread "G1 Refine#1" [stack: 0x0000007d5c000000,0x0000007d5c100000] [id=7288]
  0x0000021eecc433a0 ConcurrentGCThread "G1 Refine#2" [stack: 0x0000007d5c100000,0x0000007d5c200000] [id=4868]
  0x0000021ed2160bf0 ConcurrentGCThread "G1 Young RemSet Sampling" [stack: 0x0000007d5aa00000,0x0000007d5ab00000] [id=8652]

Threads with active compile tasks:
C1 CompilerThread0     1983 1450       1       org.springframework.boot.context.properties.source.ConfigurationPropertyName$ElementsParser::parse (234 bytes)

VM state: not at safepoint (normal execution)

VM Mutex/Monitor currently owned by a thread:  ([mutex/lock_event])
[0x0000021ed2094370] Compile_lock - owner thread: 0x0000021ed2098840

Heap address: 0x0000000081400000, size: 2028 MB, Compressed Oops mode: 32-bit
CDS disabled.
Compressed class space mapped at: 0x0000000100000000-0x0000000140000000, size: 1073741824
Narrow klass base: 0x0000000000000000, Narrow klass shift: 3, Narrow klass range: 0x140000000

GC Precious Log:
 CPUs: 4 total, 4 available
 Memory: 8108M
 Large Page Support: Disabled
 NUMA Support: Disabled
 Compressed Oops: Enabled (32-bit)
 Heap Region Size: 1M
 Heap Min Capacity: 8M
 Heap Initial Capacity: 128M
 Heap Max Capacity: 2028M
 Pre-touch: Disabled
 Parallel Workers: 4
 Concurrent Workers: 1
 Concurrent Refinement Workers: 4
 Periodic GC: Disabled

Heap:
 garbage-first heap   total 131072K, used 11720K [0x0000000081400000, 0x0000000100000000)
  region size 1024K, 8 young (8192K), 1 survivors (1024K)
 Metaspace       used 18477K, capacity 18726K, committed 18816K, reserved 1067008K
  class space    used 2004K, capacity 2086K, committed 2176K, reserved 1048576K

Heap Regions: E=young(eden), S=young(survivor), O=old, HS=humongous(starts), HC=humongous(continues), CS=collection set, F=free, OA=open archive, CA=closed archive, TAMS=top-at-mark-start (previous, next)
|   0|0x0000000081400000, 0x0000000081500000, 0x0000000081500000|100%| O|  |TAMS 0x0000000081400000, 0x0000000081400000| Untracked 
|   1|0x0000000081500000, 0x0000000081600000, 0x0000000081600000|100%| O|  |TAMS 0x0000000081500000, 0x0000000081500000| Untracked 
|   2|0x0000000081600000, 0x0000000081700000, 0x0000000081700000|100%| O|  |TAMS 0x0000000081600000, 0x0000000081600000| Untracked 
|   3|0x0000000081700000, 0x0000000081800000, 0x0000000081800000|100%| O|  |TAMS 0x0000000081700000, 0x0000000081700000| Untracked 
|   4|0x0000000081800000, 0x0000000081872200, 0x0000000081900000| 44%| O|  |TAMS 0x0000000081800000, 0x0000000081800000| Untracked 
|   5|0x0000000081900000, 0x0000000081900000, 0x0000000081a00000|  0%| F|  |TAMS 0x0000000081900000, 0x0000000081900000| Untracked 
|   6|0x0000000081a00000, 0x0000000081a00000, 0x0000000081b00000|  0%| F|  |TAMS 0x0000000081a00000, 0x0000000081a00000| Untracked 
|   7|0x0000000081b00000, 0x0000000081b00000, 0x0000000081c00000|  0%| F|  |TAMS 0x0000000081b00000, 0x0000000081b00000| Untracked 
|   8|0x0000000081c00000, 0x0000000081c00000, 0x0000000081d00000|  0%| F|  |TAMS 0x0000000081c00000, 0x0000000081c00000| Untracked 
|   9|0x0000000081d00000, 0x0000000081d00000, 0x0000000081e00000|  0%| F|  |TAMS 0x0000000081d00000, 0x0000000081d00000| Untracked 
|  10|0x0000000081e00000, 0x0000000081e00000, 0x0000000081f00000|  0%| F|  |TAMS 0x0000000081e00000, 0x0000000081e00000| Untracked 
|  11|0x0000000081f00000, 0x0000000081f00000, 0x0000000082000000|  0%| F|  |TAMS 0x0000000081f00000, 0x0000000081f00000| Untracked 
|  12|0x0000000082000000, 0x0000000082000000, 0x0000000082100000|  0%| F|  |TAMS 0x0000000082000000, 0x0000000082000000| Untracked 
|  13|0x0000000082100000, 0x0000000082100000, 0x0000000082200000|  0%| F|  |TAMS 0x0000000082100000, 0x0000000082100000| Untracked 
|  14|0x0000000082200000, 0x0000000082200000, 0x0000000082300000|  0%| F|  |TAMS 0x0000000082200000, 0x0000000082200000| Untracked 
|  15|0x0000000082300000, 0x0000000082300000, 0x0000000082400000|  0%| F|  |TAMS 0x0000000082300000, 0x0000000082300000| Untracked 
|  16|0x0000000082400000, 0x0000000082400000, 0x0000000082500000|  0%| F|  |TAMS 0x0000000082400000, 0x0000000082400000| Untracked 
|  17|0x0000000082500000, 0x0000000082500000, 0x0000000082600000|  0%| F|  |TAMS 0x0000000082500000, 0x0000000082500000| Untracked 
|  18|0x0000000082600000, 0x0000000082600000, 0x0000000082700000|  0%| F|  |TAMS 0x0000000082600000, 0x0000000082600000| Untracked 
|  19|0x0000000082700000, 0x0000000082700000, 0x0000000082800000|  0%| F|  |TAMS 0x0000000082700000, 0x0000000082700000| Untracked 
|  20|0x0000000082800000, 0x0000000082800000, 0x0000000082900000|  0%| F|  |TAMS 0x0000000082800000, 0x0000000082800000| Untracked 
|  21|0x0000000082900000, 0x0000000082900000, 0x0000000082a00000|  0%| F|  |TAMS 0x0000000082900000, 0x0000000082900000| Untracked 
|  22|0x0000000082a00000, 0x0000000082a00000, 0x0000000082b00000|  0%| F|  |TAMS 0x0000000082a00000, 0x0000000082a00000| Untracked 
|  23|0x0000000082b00000, 0x0000000082b00000, 0x0000000082c00000|  0%| F|  |TAMS 0x0000000082b00000, 0x0000000082b00000| Untracked 
|  24|0x0000000082c00000, 0x0000000082c00000, 0x0000000082d00000|  0%| F|  |TAMS 0x0000000082c00000, 0x0000000082c00000| Untracked 
|  25|0x0000000082d00000, 0x0000000082d00000, 0x0000000082e00000|  0%| F|  |TAMS 0x0000000082d00000, 0x0000000082d00000| Untracked 
|  26|0x0000000082e00000, 0x0000000082e00000, 0x0000000082f00000|  0%| F|  |TAMS 0x0000000082e00000, 0x0000000082e00000| Untracked 
|  27|0x0000000082f00000, 0x0000000082f00000, 0x0000000083000000|  0%| F|  |TAMS 0x0000000082f00000, 0x0000000082f00000| Untracked 
|  28|0x0000000083000000, 0x0000000083000000, 0x0000000083100000|  0%| F|  |TAMS 0x0000000083000000, 0x0000000083000000| Untracked 
|  29|0x0000000083100000, 0x0000000083100000, 0x0000000083200000|  0%| F|  |TAMS 0x0000000083100000, 0x0000000083100000| Untracked 
|  30|0x0000000083200000, 0x0000000083200000, 0x0000000083300000|  0%| F|  |TAMS 0x0000000083200000, 0x0000000083200000| Untracked 
|  31|0x0000000083300000, 0x0000000083300000, 0x0000000083400000|  0%| F|  |TAMS 0x0000000083300000, 0x0000000083300000| Untracked 
|  32|0x0000000083400000, 0x0000000083400000, 0x0000000083500000|  0%| F|  |TAMS 0x0000000083400000, 0x0000000083400000| Untracked 
|  33|0x0000000083500000, 0x0000000083500000, 0x0000000083600000|  0%| F|  |TAMS 0x0000000083500000, 0x0000000083500000| Untracked 
|  34|0x0000000083600000, 0x0000000083600000, 0x0000000083700000|  0%| F|  |TAMS 0x0000000083600000, 0x0000000083600000| Untracked 
|  35|0x0000000083700000, 0x0000000083700000, 0x0000000083800000|  0%| F|  |TAMS 0x0000000083700000, 0x0000000083700000| Untracked 
|  36|0x0000000083800000, 0x0000000083800000, 0x0000000083900000|  0%| F|  |TAMS 0x0000000083800000, 0x0000000083800000| Untracked 
|  37|0x0000000083900000, 0x0000000083900000, 0x0000000083a00000|  0%| F|  |TAMS 0x0000000083900000, 0x0000000083900000| Untracked 
|  38|0x0000000083a00000, 0x0000000083a00000, 0x0000000083b00000|  0%| F|  |TAMS 0x0000000083a00000, 0x0000000083a00000| Untracked 
|  39|0x0000000083b00000, 0x0000000083b00000, 0x0000000083c00000|  0%| F|  |TAMS 0x0000000083b00000, 0x0000000083b00000| Untracked 
|  40|0x0000000083c00000, 0x0000000083c00000, 0x0000000083d00000|  0%| F|  |TAMS 0x0000000083c00000, 0x0000000083c00000| Untracked 
|  41|0x0000000083d00000, 0x0000000083d00000, 0x0000000083e00000|  0%| F|  |TAMS 0x0000000083d00000, 0x0000000083d00000| Untracked 
|  42|0x0000000083e00000, 0x0000000083e00000, 0x0000000083f00000|  0%| F|  |TAMS 0x0000000083e00000, 0x0000000083e00000| Untracked 
|  43|0x0000000083f00000, 0x0000000083f00000, 0x0000000084000000|  0%| F|  |TAMS 0x0000000083f00000, 0x0000000083f00000| Untracked 
|  44|0x0000000084000000, 0x0000000084000000, 0x0000000084100000|  0%| F|  |TAMS 0x0000000084000000, 0x0000000084000000| Untracked 
|  45|0x0000000084100000, 0x0000000084100000, 0x0000000084200000|  0%| F|  |TAMS 0x0000000084100000, 0x0000000084100000| Untracked 
|  46|0x0000000084200000, 0x0000000084200000, 0x0000000084300000|  0%| F|  |TAMS 0x0000000084200000, 0x0000000084200000| Untracked 
|  47|0x0000000084300000, 0x0000000084300000, 0x0000000084400000|  0%| F|  |TAMS 0x0000000084300000, 0x0000000084300000| Untracked 
|  48|0x0000000084400000, 0x0000000084400000, 0x0000000084500000|  0%| F|  |TAMS 0x0000000084400000, 0x0000000084400000| Untracked 
|  49|0x0000000084500000, 0x0000000084500000, 0x0000000084600000|  0%| F|  |TAMS 0x0000000084500000, 0x0000000084500000| Untracked 
|  50|0x0000000084600000, 0x0000000084600000, 0x0000000084700000|  0%| F|  |TAMS 0x0000000084600000, 0x0000000084600000| Untracked 
|  51|0x0000000084700000, 0x0000000084700000, 0x0000000084800000|  0%| F|  |TAMS 0x0000000084700000, 0x0000000084700000| Untracked 
|  52|0x0000000084800000, 0x0000000084800000, 0x0000000084900000|  0%| F|  |TAMS 0x0000000084800000, 0x0000000084800000| Untracked 
|  53|0x0000000084900000, 0x0000000084900000, 0x0000000084a00000|  0%| F|  |TAMS 0x0000000084900000, 0x0000000084900000| Untracked 
|  54|0x0000000084a00000, 0x0000000084a00000, 0x0000000084b00000|  0%| F|  |TAMS 0x0000000084a00000, 0x0000000084a00000| Untracked 
|  55|0x0000000084b00000, 0x0000000084b00000, 0x0000000084c00000|  0%| F|  |TAMS 0x0000000084b00000, 0x0000000084b00000| Untracked 
|  56|0x0000000084c00000, 0x0000000084c00000, 0x0000000084d00000|  0%| F|  |TAMS 0x0000000084c00000, 0x0000000084c00000| Untracked 
|  57|0x0000000084d00000, 0x0000000084d00000, 0x0000000084e00000|  0%| F|  |TAMS 0x0000000084d00000, 0x0000000084d00000| Untracked 
|  58|0x0000000084e00000, 0x0000000084e00000, 0x0000000084f00000|  0%| F|  |TAMS 0x0000000084e00000, 0x0000000084e00000| Untracked 
|  59|0x0000000084f00000, 0x0000000084f00000, 0x0000000085000000|  0%| F|  |TAMS 0x0000000084f00000, 0x0000000084f00000| Untracked 
|  60|0x0000000085000000, 0x0000000085000000, 0x0000000085100000|  0%| F|  |TAMS 0x0000000085000000, 0x0000000085000000| Untracked 
|  61|0x0000000085100000, 0x0000000085100000, 0x0000000085200000|  0%| F|  |TAMS 0x0000000085100000, 0x0000000085100000| Untracked 
|  62|0x0000000085200000, 0x0000000085200000, 0x0000000085300000|  0%| F|  |TAMS 0x0000000085200000, 0x0000000085200000| Untracked 
|  63|0x0000000085300000, 0x0000000085300000, 0x0000000085400000|  0%| F|  |TAMS 0x0000000085300000, 0x0000000085300000| Untracked 
|  64|0x0000000085400000, 0x0000000085400000, 0x0000000085500000|  0%| F|  |TAMS 0x0000000085400000, 0x0000000085400000| Untracked 
|  65|0x0000000085500000, 0x0000000085500000, 0x0000000085600000|  0%| F|  |TAMS 0x0000000085500000, 0x0000000085500000| Untracked 
|  66|0x0000000085600000, 0x0000000085600000, 0x0000000085700000|  0%| F|  |TAMS 0x0000000085600000, 0x0000000085600000| Untracked 
|  67|0x0000000085700000, 0x0000000085700000, 0x0000000085800000|  0%| F|  |TAMS 0x0000000085700000, 0x0000000085700000| Untracked 
|  68|0x0000000085800000, 0x0000000085800000, 0x0000000085900000|  0%| F|  |TAMS 0x0000000085800000, 0x0000000085800000| Untracked 
|  69|0x0000000085900000, 0x0000000085900000, 0x0000000085a00000|  0%| F|  |TAMS 0x0000000085900000, 0x0000000085900000| Untracked 
|  70|0x0000000085a00000, 0x0000000085a00000, 0x0000000085b00000|  0%| F|  |TAMS 0x0000000085a00000, 0x0000000085a00000| Untracked 
|  71|0x0000000085b00000, 0x0000000085b00000, 0x0000000085c00000|  0%| F|  |TAMS 0x0000000085b00000, 0x0000000085b00000| Untracked 
|  72|0x0000000085c00000, 0x0000000085c00000, 0x0000000085d00000|  0%| F|  |TAMS 0x0000000085c00000, 0x0000000085c00000| Untracked 
|  73|0x0000000085d00000, 0x0000000085d00000, 0x0000000085e00000|  0%| F|  |TAMS 0x0000000085d00000, 0x0000000085d00000| Untracked 
|  74|0x0000000085e00000, 0x0000000085e00000, 0x0000000085f00000|  0%| F|  |TAMS 0x0000000085e00000, 0x0000000085e00000| Untracked 
|  75|0x0000000085f00000, 0x0000000085f00000, 0x0000000086000000|  0%| F|  |TAMS 0x0000000085f00000, 0x0000000085f00000| Untracked 
|  76|0x0000000086000000, 0x0000000086000000, 0x0000000086100000|  0%| F|  |TAMS 0x0000000086000000, 0x0000000086000000| Untracked 
|  77|0x0000000086100000, 0x0000000086100000, 0x0000000086200000|  0%| F|  |TAMS 0x0000000086100000, 0x0000000086100000| Untracked 
|  78|0x0000000086200000, 0x0000000086200000, 0x0000000086300000|  0%| F|  |TAMS 0x0000000086200000, 0x0000000086200000| Untracked 
|  79|0x0000000086300000, 0x0000000086300000, 0x0000000086400000|  0%| F|  |TAMS 0x0000000086300000, 0x0000000086300000| Untracked 
|  80|0x0000000086400000, 0x0000000086400000, 0x0000000086500000|  0%| F|  |TAMS 0x0000000086400000, 0x0000000086400000| Untracked 
|  81|0x0000000086500000, 0x0000000086500000, 0x0000000086600000|  0%| F|  |TAMS 0x0000000086500000, 0x0000000086500000| Untracked 
|  82|0x0000000086600000, 0x0000000086600000, 0x0000000086700000|  0%| F|  |TAMS 0x0000000086600000, 0x0000000086600000| Untracked 
|  83|0x0000000086700000, 0x0000000086700000, 0x0000000086800000|  0%| F|  |TAMS 0x0000000086700000, 0x0000000086700000| Untracked 
|  84|0x0000000086800000, 0x0000000086800000, 0x0000000086900000|  0%| F|  |TAMS 0x0000000086800000, 0x0000000086800000| Untracked 
|  85|0x0000000086900000, 0x0000000086900000, 0x0000000086a00000|  0%| F|  |TAMS 0x0000000086900000, 0x0000000086900000| Untracked 
|  86|0x0000000086a00000, 0x0000000086a00000, 0x0000000086b00000|  0%| F|  |TAMS 0x0000000086a00000, 0x0000000086a00000| Untracked 
|  87|0x0000000086b00000, 0x0000000086b00000, 0x0000000086c00000|  0%| F|  |TAMS 0x0000000086b00000, 0x0000000086b00000| Untracked 
|  88|0x0000000086c00000, 0x0000000086c00000, 0x0000000086d00000|  0%| F|  |TAMS 0x0000000086c00000, 0x0000000086c00000| Untracked 
|  89|0x0000000086d00000, 0x0000000086d00000, 0x0000000086e00000|  0%| F|  |TAMS 0x0000000086d00000, 0x0000000086d00000| Untracked 
|  90|0x0000000086e00000, 0x0000000086e00000, 0x0000000086f00000|  0%| F|  |TAMS 0x0000000086e00000, 0x0000000086e00000| Untracked 
|  91|0x0000000086f00000, 0x0000000086f00000, 0x0000000087000000|  0%| F|  |TAMS 0x0000000086f00000, 0x0000000086f00000| Untracked 
|  92|0x0000000087000000, 0x0000000087000000, 0x0000000087100000|  0%| F|  |TAMS 0x0000000087000000, 0x0000000087000000| Untracked 
|  93|0x0000000087100000, 0x0000000087100000, 0x0000000087200000|  0%| F|  |TAMS 0x0000000087100000, 0x0000000087100000| Untracked 
|  94|0x0000000087200000, 0x0000000087200000, 0x0000000087300000|  0%| F|  |TAMS 0x0000000087200000, 0x0000000087200000| Untracked 
|  95|0x0000000087300000, 0x0000000087300000, 0x0000000087400000|  0%| F|  |TAMS 0x0000000087300000, 0x0000000087300000| Untracked 
|  96|0x0000000087400000, 0x0000000087400000, 0x0000000087500000|  0%| F|  |TAMS 0x0000000087400000, 0x0000000087400000| Untracked 
|  97|0x0000000087500000, 0x0000000087500000, 0x0000000087600000|  0%| F|  |TAMS 0x0000000087500000, 0x0000000087500000| Untracked 
|  98|0x0000000087600000, 0x0000000087600000, 0x0000000087700000|  0%| F|  |TAMS 0x0000000087600000, 0x0000000087600000| Untracked 
|  99|0x0000000087700000, 0x0000000087700000, 0x0000000087800000|  0%| F|  |TAMS 0x0000000087700000, 0x0000000087700000| Untracked 
| 100|0x0000000087800000, 0x0000000087800000, 0x0000000087900000|  0%| F|  |TAMS 0x0000000087800000, 0x0000000087800000| Untracked 
| 101|0x0000000087900000, 0x0000000087900000, 0x0000000087a00000|  0%| F|  |TAMS 0x0000000087900000, 0x0000000087900000| Untracked 
| 102|0x0000000087a00000, 0x0000000087a00000, 0x0000000087b00000|  0%| F|  |TAMS 0x0000000087a00000, 0x0000000087a00000| Untracked 
| 103|0x0000000087b00000, 0x0000000087b00000, 0x0000000087c00000|  0%| F|  |TAMS 0x0000000087b00000, 0x0000000087b00000| Untracked 
| 104|0x0000000087c00000, 0x0000000087c00000, 0x0000000087d00000|  0%| F|  |TAMS 0x0000000087c00000, 0x0000000087c00000| Untracked 
| 105|0x0000000087d00000, 0x0000000087d00000, 0x0000000087e00000|  0%| F|  |TAMS 0x0000000087d00000, 0x0000000087d00000| Untracked 
| 106|0x0000000087e00000, 0x0000000087e00000, 0x0000000087f00000|  0%| F|  |TAMS 0x0000000087e00000, 0x0000000087e00000| Untracked 
| 107|0x0000000087f00000, 0x0000000087f00000, 0x0000000088000000|  0%| F|  |TAMS 0x0000000087f00000, 0x0000000087f00000| Untracked 
| 108|0x0000000088000000, 0x0000000088000000, 0x0000000088100000|  0%| F|  |TAMS 0x0000000088000000, 0x0000000088000000| Untracked 
| 109|0x0000000088100000, 0x0000000088100000, 0x0000000088200000|  0%| F|  |TAMS 0x0000000088100000, 0x0000000088100000| Untracked 
| 110|0x0000000088200000, 0x0000000088200000, 0x0000000088300000|  0%| F|  |TAMS 0x0000000088200000, 0x0000000088200000| Untracked 
| 111|0x0000000088300000, 0x0000000088300000, 0x0000000088400000|  0%| F|  |TAMS 0x0000000088300000, 0x0000000088300000| Untracked 
| 112|0x0000000088400000, 0x0000000088400000, 0x0000000088500000|  0%| F|  |TAMS 0x0000000088400000, 0x0000000088400000| Untracked 
| 113|0x0000000088500000, 0x0000000088500000, 0x0000000088600000|  0%| F|  |TAMS 0x0000000088500000, 0x0000000088500000| Untracked 
| 114|0x0000000088600000, 0x0000000088600000, 0x0000000088700000|  0%| F|  |TAMS 0x0000000088600000, 0x0000000088600000| Untracked 
| 115|0x0000000088700000, 0x0000000088700000, 0x0000000088800000|  0%| F|  |TAMS 0x0000000088700000, 0x0000000088700000| Untracked 
| 116|0x0000000088800000, 0x0000000088800000, 0x0000000088900000|  0%| F|  |TAMS 0x0000000088800000, 0x0000000088800000| Untracked 
| 117|0x0000000088900000, 0x0000000088900000, 0x0000000088a00000|  0%| F|  |TAMS 0x0000000088900000, 0x0000000088900000| Untracked 
| 118|0x0000000088a00000, 0x0000000088b00000, 0x0000000088b00000|100%| S|CS|TAMS 0x0000000088a00000, 0x0000000088a00000| Complete 
| 119|0x0000000088b00000, 0x0000000088b00000, 0x0000000088c00000|  0%| F|  |TAMS 0x0000000088b00000, 0x0000000088b00000| Untracked 
| 120|0x0000000088c00000, 0x0000000088c00000, 0x0000000088d00000|  0%| F|  |TAMS 0x0000000088c00000, 0x0000000088c00000| Untracked 
| 121|0x0000000088d00000, 0x0000000088e00000, 0x0000000088e00000|100%| E|  |TAMS 0x0000000088d00000, 0x0000000088d00000| Complete 
| 122|0x0000000088e00000, 0x0000000088f00000, 0x0000000088f00000|100%| E|CS|TAMS 0x0000000088e00000, 0x0000000088e00000| Complete 
| 123|0x0000000088f00000, 0x0000000089000000, 0x0000000089000000|100%| E|CS|TAMS 0x0000000088f00000, 0x0000000088f00000| Complete 
| 124|0x0000000089000000, 0x0000000089100000, 0x0000000089100000|100%| E|CS|TAMS 0x0000000089000000, 0x0000000089000000| Complete 
| 125|0x0000000089100000, 0x0000000089200000, 0x0000000089200000|100%| E|CS|TAMS 0x0000000089100000, 0x0000000089100000| Complete 
| 126|0x0000000089200000, 0x0000000089300000, 0x0000000089300000|100%| E|CS|TAMS 0x0000000089200000, 0x0000000089200000| Complete 
| 127|0x0000000089300000, 0x0000000089400000, 0x0000000089400000|100%| E|CS|TAMS 0x0000000089300000, 0x0000000089300000| Complete 

Card table byte_map: [0x0000021ee4eb0000,0x0000021ee52b0000] _byte_map_base: 0x0000021ee4aa6000

Marking Bits (Prev, Next): (CMBitMap*) 0x0000021ed20d8090, (CMBitMap*) 0x0000021ed20d80d0
 Prev Bits: [0x0000021ee56b0000, 0x0000021ee7660000)
 Next Bits: [0x0000021ee7660000, 0x0000021ee9610000)

Polling page: 0x0000021ecfe20000

Metaspace:

Usage:
  Non-class:     16.25 MB capacity,    16.09 MB ( 99%) used,   139.46 KB ( <1%) free+waste,    27.50 KB ( <1%) overhead. 
      Class:      2.04 MB capacity,     1.96 MB ( 96%) used,    70.88 KB (  3%) free+waste,    10.88 KB ( <1%) overhead. 
       Both:     18.29 MB capacity,    18.04 MB ( 99%) used,   210.34 KB (  1%) free+waste,    38.38 KB ( <1%) overhead. 

Virtual space:
  Non-class space:       18.00 MB reserved,      16.25 MB ( 90%) committed 
      Class space:        1.00 GB reserved,       2.12 MB ( <1%) committed 
             Both:        1.02 GB reserved,      18.38 MB (  2%) committed 

Chunk freelists:
   Non-Class:  0 bytes
       Class:  26.00 KB
        Both:  26.00 KB

MaxMetaspaceSize: 17179869184.00 GB
CompressedClassSpaceSize: 1.00 GB

CodeHeap 'non-profiled nmethods': size=238912Kb used=2053Kb max_used=2053Kb free=236858Kb
 bounds [0x0000021ed6160000, 0x0000021ed63d0000, 0x0000021ee4ab0000]
CodeHeap 'non-nmethods': size=6848Kb used=1175Kb max_used=1175Kb free=5672Kb
 bounds [0x0000021ed5ab0000, 0x0000021ed5d20000, 0x0000021ed6160000]
 total_blobs=1895 nmethods=1454 adapters=369
 compilation: enabled
              stopped_count=0, restarted_count=0
 full_count=0

Compilation events (20 events):
Event: 1.830 Thread 0x0000021eec37be50 nmethod 1436 0x0000021ed635ca10 code [0x0000021ed635cba0, 0x0000021ed635cc58]
Event: 1.830 Thread 0x0000021eec37be50 1439       1       java.lang.invoke.InnerClassLambdaMetafactory::getOpcodeOffset (38 bytes)
Event: 1.830 Thread 0x0000021eec37be50 nmethod 1439 0x0000021ed635cd10 code [0x0000021ed635cea0, 0x0000021ed635cff8]
Event: 1.830 Thread 0x0000021eec37be50 1441       1       sun.invoke.util.BytecodeDescriptor::unparseMethod (66 bytes)
Event: 1.830 Thread 0x0000021eec37be50 nmethod 1441 0x0000021ed635d090 code [0x0000021ed635d280, 0x0000021ed635d608]
Event: 1.832 Thread 0x0000021eec37be50 1442       1       java.lang.invoke.DirectMethodHandle::allocateInstance (16 bytes)
Event: 1.832 Thread 0x0000021eec37be50 nmethod 1442 0x0000021ed635d890 code [0x0000021ed635da20, 0x0000021ed635db08]
Event: 1.832 Thread 0x0000021eec37be50 1443       1       java.lang.invoke.DirectMethodHandle::constructorMethod (10 bytes)
Event: 1.832 Thread 0x0000021eec37be50 nmethod 1443 0x0000021ed635dc10 code [0x0000021ed635dda0, 0x0000021ed635de78]
Event: 1.832 Thread 0x0000021eec37be50 1444       1       java.util.stream.StreamOpFlag::combineOpFlags (9 bytes)
Event: 1.832 Thread 0x0000021eec37be50 nmethod 1444 0x0000021ed635df10 code [0x0000021ed635e0a0, 0x0000021ed635e178]
Event: 1.832 Thread 0x0000021eec37be50 1445       1       java.util.stream.StreamOpFlag::getMask (30 bytes)
Event: 1.832 Thread 0x0000021eec37be50 nmethod 1445 0x0000021ed635e210 code [0x0000021ed635e3a0, 0x0000021ed635e478]
Event: 1.832 Thread 0x0000021eec37be50 1446       1       org.springframework.boot.context.properties.source.SpringIterableConfigurationPropertySource$Mappings::add (23 bytes)
Event: 1.832 Thread 0x0000021eec37be50 nmethod 1446 0x0000021ed635e510 code [0x0000021ed635e6c0, 0x0000021ed635e838]
Event: 1.832 Thread 0x0000021eec37be50 1448       1       org.springframework.boot.context.properties.source.ConfigurationPropertyName::isEmpty (16 bytes)
Event: 1.833 Thread 0x0000021eec37be50 nmethod 1448 0x0000021ed635e910 code [0x0000021ed635eaa0, 0x0000021ed635eb78]
Event: 1.833 Thread 0x0000021eec37be50 1447       1       org.springframework.boot.context.properties.source.ConfigurationPropertyName$ElementsParser::add (220 bytes)
Event: 1.833 Thread 0x0000021eec37be50 nmethod 1447 0x0000021ed635ec10 code [0x0000021ed635eea0, 0x0000021ed635fc78]
Event: 1.833 Thread 0x0000021eec37be50 1450       1       org.springframework.boot.context.properties.source.ConfigurationPropertyName$ElementsParser::parse (234 bytes)

GC Heap History (4 events):
Event: 1.412 GC heap before
{Heap before GC invocations=0 (full 0):
 garbage-first heap   total 131072K, used 13312K [0x0000000081400000, 0x0000000100000000)
  region size 1024K, 13 young (13312K), 0 survivors (0K)
 Metaspace       used 13941K, capacity 14161K, committed 14336K, reserved 1062912K
  class space    used 1418K, capacity 1507K, committed 1536K, reserved 1048576K
}
Event: 1.432 GC heap after
{Heap after GC invocations=1 (full 0):
 garbage-first heap   total 131072K, used 4568K [0x0000000081400000, 0x0000000100000000)
  region size 1024K, 2 young (2048K), 2 survivors (2048K)
 Metaspace       used 13941K, capacity 14161K, committed 14336K, reserved 1062912K
  class space    used 1418K, capacity 1507K, committed 1536K, reserved 1048576K
}
Event: 1.738 GC heap before
{Heap before GC invocations=1 (full 0):
 garbage-first heap   total 131072K, used 13784K [0x0000000081400000, 0x0000000100000000)
  region size 1024K, 11 young (11264K), 2 survivors (2048K)
 Metaspace       used 16403K, capacity 16677K, committed 16768K, reserved 1064960K
  class space    used 1733K, capacity 1851K, committed 1920K, reserved 1048576K
}
Event: 1.742 GC heap after
{Heap after GC invocations=2 (full 0):
 garbage-first heap   total 131072K, used 5576K [0x0000000081400000, 0x0000000100000000)
  region size 1024K, 1 young (1024K), 1 survivors (1024K)
 Metaspace       used 16403K, capacity 16677K, committed 16768K, reserved 1064960K
  class space    used 1733K, capacity 1851K, committed 1920K, reserved 1048576K
}

Deoptimization events (0 events):
No events

Classes unloaded (0 events):
No events

Classes redefined (0 events):
No events

Internal exceptions (20 events):
Event: 1.278 Thread 0x0000021ed2098840 Exception <a 'java/lang/ClassNotFoundException'{0x0000000088a22130}: jdk/internal/agent/resources/spi/agentProvider> (0x0000000088a22130) 
thrown [./open/src/hotspot/share/classfile/systemDictionary.cpp, line 295]
Event: 1.328 Thread 0x0000021eecafb7d0 Exception <a 'java/lang/NoSuchMethodError'{0x00000000888233b8}: static [B.<clinit>()V> (0x00000000888233b8) 
thrown [./open/src/hotspot/share/prims/jni.cpp, line 1204]
Event: 1.387 Thread 0x0000021eecafb7d0 Exception <a 'java/lang/ClassNotFoundException'{0x0000000088844d10}: javax/management/remote/rmi/RMIConnectionImpl_Skel> (0x0000000088844d10) 
thrown [./open/src/hotspot/share/classfile/systemDictionary.cpp, line 295]
Event: 1.389 Thread 0x0000021eecad8fc0 Exception <a 'java/lang/NoSuchMethodError'{0x000000008871e638}: 'java.lang.Object java.lang.invoke.Invokers$Holder.linkToTargetMethod(java.lang.Object, long, java.lang.Object)'> (0x000000008871e638) 
thrown [./open/src/hotspot/share/interpreter/linkResolver.cpp, line 782]
Event: 1.408 Thread 0x0000021eecafb7d0 Exception <a 'java/lang/reflect/InvocationTargetException'{0x0000000088777638}> (0x0000000088777638) 
thrown [./open/src/hotspot/share/runtime/reflection.cpp, line 1157]
Event: 1.410 Thread 0x0000021ed2098840 Exception <a 'java/lang/ClassNotFoundException'{0x00000000887c33e8}: javax/smartcardio/CardPermission> (0x00000000887c33e8) 
thrown [./open/src/hotspot/share/classfile/systemDictionary.cpp, line 295]
Event: 1.433 Thread 0x0000021eecafb7d0 Exception <a 'java/lang/NoSuchMethodError'{0x0000000089302310}: static [Ljava/lang/StackTraceElement;.<clinit>()V> (0x0000000089302310) 
thrown [./open/src/hotspot/share/prims/jni.cpp, line 1204]
Event: 1.445 Thread 0x0000021ed2098840 Exception <a 'java/io/FileNotFoundException'{0x0000000089328e48}> (0x0000000089328e48) 
thrown [./open/src/hotspot/share/prims/jni.cpp, line 578]
Event: 1.568 Thread 0x0000021ed2098840 Exception <a 'java/lang/NoSuchMethodError'{0x00000000890a4b20}: 'java.lang.Object java.lang.invoke.DirectMethodHandle$Holder.invokeSpecialIFC(java.lang.Object, java.lang.Object, java.lang.Object, java.lang.Object)'> (0x00000000890a4b20) 
thrown [./open/src/hotspot/share/interpreter/linkResolver.cpp, line 782]
Event: 1.580 Thread 0x0000021ed2098840 Exception <a 'java/lang/NoSuchMethodError'{0x00000000890e00e0}: 'int java.lang.invoke.DirectMethodHandle$Holder.invokeVirtual(java.lang.Object, java.lang.Object, java.lang.Object)'> (0x00000000890e00e0) 
thrown [./open/src/hotspot/share/interpreter/linkResolver.cpp, line 782]
Event: 1.591 Thread 0x0000021ed2098840 Exception <a 'java/lang/NoSuchMethodError'{0x0000000088f4ab28}: 'int java.lang.invoke.DirectMethodHandle$Holder.invokeStaticInit(java.lang.Object, java.lang.Object)'> (0x0000000088f4ab28) 
thrown [./open/src/hotspot/share/interpreter/linkResolver.cpp, line 782]
Event: 1.649 Thread 0x0000021ed2098840 Exception <a 'java/lang/NoSuchMethodError'{0x0000000088ef4c58}: 'int java.lang.invoke.DirectMethodHandle$Holder.invokeStaticInit(java.lang.Object, java.lang.Object, java.lang.Object)'> (0x0000000088ef4c58) 
thrown [./open/src/hotspot/share/interpreter/linkResolver.cpp, line 782]
Event: 1.654 Thread 0x0000021ed2098840 Exception <a 'java/lang/NoSuchMethodError'{0x0000000088d1e570}: 'java.lang.Object java.lang.invoke.DirectMethodHandle$Holder.invokeVirtual(java.lang.Object, java.lang.Object, java.lang.Object)'> (0x0000000088d1e570) 
thrown [./open/src/hotspot/share/interpreter/linkResolver.cpp, line 782]
Event: 1.658 Thread 0x0000021ed2098840 Exception <a 'java/lang/NoSuchMethodError'{0x0000000088d4bfc0}: 'java.lang.Object java.lang.invoke.DirectMethodHandle$Holder.newInvokeSpecial(java.lang.Object, java.lang.Object, java.lang.Object, java.lang.Object, java.lang.Object)'> (0x0000000088d4bfc0) 
thrown [./open/src/hotspot/share/interpreter/linkResolver.cpp, line 782]
Event: 1.705 Thread 0x0000021ed2098840 Exception <a 'java/io/FileNotFoundException'{0x0000000088b60d40}> (0x0000000088b60d40) 
thrown [./open/src/hotspot/share/prims/jni.cpp, line 578]
Event: 1.810 Thread 0x0000021ed2098840 Exception <a 'java/lang/NoSuchMethodError'{0x000000008910fe38}: 'void java.lang.invoke.DirectMethodHandle$Holder.invokeStatic(java.lang.Object, java.lang.Object, java.lang.Object, java.lang.Object)'> (0x000000008910fe38) 
thrown [./open/src/hotspot/share/interpreter/linkResolver.cpp, line 782]
Event: 1.812 Thread 0x0000021ed2098840 Exception <a 'java/lang/NoSuchMethodError'{0x00000000891281f8}: 'java.lang.Object java.lang.invoke.Invokers$Holder.invokeExact_MT(java.lang.Object, java.lang.Object, java.lang.Object, java.lang.Object, java.lang.Object, java.lang.Object)'> (0x00000000891281f8) 
thrown [./open/src/hotspot/share/interpreter/linkResolver.cpp, line 782]
Event: 1.814 Thread 0x0000021ed2098840 Exception <a 'java/lang/NoSuchMethodError'{0x000000008913dc38}: 'java.lang.Object java.lang.invoke.DirectMethodHandle$Holder.invokeInterface(java.lang.Object, java.lang.Object, java.lang.Object)'> (0x000000008913dc38) 
thrown [./open/src/hotspot/share/interpreter/linkResolver.cpp, line 782]
Event: 1.815 Thread 0x0000021ed2098840 Exception <a 'java/lang/IncompatibleClassChangeError'{0x00000000891414d0}: Found class java.lang.Object, but interface was expected> (0x00000000891414d0) 
thrown [./open/src/hotspot/share/interpreter/linkResolver.cpp, line 848]
Event: 1.829 Thread 0x0000021ed2098840 Exception <a 'java/lang/NoSuchMethodError'{0x00000000890065e8}: 'int java.lang.invoke.DirectMethodHandle$Holder.invokeSpecial(java.lang.Object, java.lang.Object, java.lang.Object, java.lang.Object)'> (0x00000000890065e8) 
thrown [./open/src/hotspot/share/interpreter/linkResolver.cpp, line 782]

Events (20 events):
Event: 1.825 loading class java/time/ZoneOffset
Event: 1.826 loading class java/time/ZoneOffset done
Event: 1.827 loading class java/util/ConcurrentModificationException
Event: 1.827 loading class java/util/ConcurrentModificationException done
Event: 1.830 loading class java/lang/ProcessEnvironment$CheckedKeySet
Event: 1.830 loading class java/lang/ProcessEnvironment$CheckedKeySet done
Event: 1.831 loading class java/util/stream/MatchOps$MatchKind
Event: 1.831 loading class java/util/stream/MatchOps$MatchKind done
Event: 1.831 loading class java/util/stream/MatchOps
Event: 1.831 loading class java/util/stream/MatchOps done
Event: 1.831 loading class java/util/stream/MatchOps$MatchOp
Event: 1.831 loading class java/util/stream/MatchOps$MatchOp done
Event: 1.831 loading class java/util/stream/MatchOps$BooleanTerminalSink
Event: 1.831 loading class java/util/stream/MatchOps$BooleanTerminalSink done
Event: 1.832 loading class java/util/stream/MatchOps$2MatchSink
Event: 1.832 loading class java/util/stream/MatchOps$2MatchSink done
Event: 1.844 loading class java/beans/PropertyEditorSupport
Event: 1.844 loading class java/beans/PropertyEditor
Event: 1.844 loading class java/beans/PropertyEditor done
Event: 1.844 loading class java/beans/PropertyEditorSupport done


Dynamic libraries:
0x00007ff6b9d00000 - 0x00007ff6b9d0d000 	C:\Users\s8115\.p2\pool\plugins\org.eclipse.justj.openjdk.hotspot.jre.full.win32.x86_64_15.0.2.v20210201-0955\jre\bin\javaw.exe
0x00007ffcafa70000 - 0x00007ffcafc65000 	C:\WINDOWS\SYSTEM32\ntdll.dll
0x00007ffcaeb70000 - 0x00007ffcaec2d000 	C:\WINDOWS\System32\KERNEL32.DLL
0x00007ffcad230000 - 0x00007ffcad4f8000 	C:\WINDOWS\System32\KERNELBASE.dll
0x00007ffcad6d0000 - 0x00007ffcad7d0000 	C:\WINDOWS\System32\ucrtbase.dll
0x00007ffcaaf00000 - 0x00007ffcaaf18000 	C:\Users\s8115\.p2\pool\plugins\org.eclipse.justj.openjdk.hotspot.jre.full.win32.x86_64_15.0.2.v20210201-0955\jre\bin\jli.dll
0x00007ffcae9d0000 - 0x00007ffcaeb70000 	C:\WINDOWS\System32\USER32.dll
0x00007ffcad7d0000 - 0x00007ffcad7f2000 	C:\WINDOWS\System32\win32u.dll
0x00007ffcaf810000 - 0x00007ffcaf83a000 	C:\WINDOWS\System32\GDI32.dll
0x00007ffcad9c0000 - 0x00007ffcadacb000 	C:\WINDOWS\System32\gdi32full.dll
0x00007ffcad580000 - 0x00007ffcad61d000 	C:\WINDOWS\System32\msvcp_win.dll
0x00007ffcaade0000 - 0x00007ffcaadf9000 	C:\Users\s8115\.p2\pool\plugins\org.eclipse.justj.openjdk.hotspot.jre.full.win32.x86_64_15.0.2.v20210201-0955\jre\bin\VCRUNTIME140.dll
0x00007ffcac130000 - 0x00007ffcac3ca000 	C:\WINDOWS\WinSxS\amd64_microsoft.windows.common-controls_6595b64144ccf1df_6.0.19041.844_none_ca00b6081b84eb1d\COMCTL32.dll
0x00007ffcae390000 - 0x00007ffcae42e000 	C:\WINDOWS\System32\msvcrt.dll
0x00007ffcaf700000 - 0x00007ffcaf730000 	C:\WINDOWS\System32\IMM32.DLL
0x00007ffcaadd0000 - 0x00007ffcaaddc000 	C:\Users\s8115\.p2\pool\plugins\org.eclipse.justj.openjdk.hotspot.jre.full.win32.x86_64_15.0.2.v20210201-0955\jre\bin\vcruntime140_1.dll
0x00007ffc91bf0000 - 0x00007ffc91c81000 	C:\Users\s8115\.p2\pool\plugins\org.eclipse.justj.openjdk.hotspot.jre.full.win32.x86_64_15.0.2.v20210201-0955\jre\bin\msvcp140.dll
0x00007ffc810c0000 - 0x00007ffc81c1e000 	C:\Users\s8115\.p2\pool\plugins\org.eclipse.justj.openjdk.hotspot.jre.full.win32.x86_64_15.0.2.v20210201-0955\jre\bin\server\jvm.dll
0x00007ffcae2e0000 - 0x00007ffcae38c000 	C:\WINDOWS\System32\ADVAPI32.dll
0x00007ffcaf3b0000 - 0x00007ffcaf44b000 	C:\WINDOWS\System32\sechost.dll
0x00007ffcaf220000 - 0x00007ffcaf34b000 	C:\WINDOWS\System32\RPCRT4.dll
0x00007ffcaed60000 - 0x00007ffcaed68000 	C:\WINDOWS\System32\PSAPI.DLL
0x00007ffc977a0000 - 0x00007ffc977a9000 	C:\WINDOWS\SYSTEM32\WSOCK32.dll
0x00007ffcaf8a0000 - 0x00007ffcaf90b000 	C:\WINDOWS\System32\WS2_32.dll
0x00007ffc9ede0000 - 0x00007ffc9ee07000 	C:\WINDOWS\SYSTEM32\WINMM.dll
0x00007ffcaa1f0000 - 0x00007ffcaa1fa000 	C:\WINDOWS\SYSTEM32\VERSION.dll
0x00007ffcaa3b0000 - 0x00007ffcaa3c2000 	C:\WINDOWS\SYSTEM32\kernel.appcore.dll
0x00007ffcaafc0000 - 0x00007ffcaafca000 	C:\Users\s8115\.p2\pool\plugins\org.eclipse.justj.openjdk.hotspot.jre.full.win32.x86_64_15.0.2.v20210201-0955\jre\bin\jimage.dll
0x00007ffcacd10000 - 0x00007ffcacef4000 	C:\WINDOWS\SYSTEM32\DBGHELP.DLL
0x00007ffcaca50000 - 0x00007ffcaca7c000 	C:\WINDOWS\SYSTEM32\dbgcore.DLL
0x00007ffcad1b0000 - 0x00007ffcad230000 	C:\WINDOWS\System32\bcryptPrimitives.dll
0x00007ffcaaf90000 - 0x00007ffcaafb5000 	C:\Users\s8115\.p2\pool\plugins\org.eclipse.justj.openjdk.hotspot.jre.full.win32.x86_64_15.0.2.v20210201-0955\jre\bin\java.dll
0x00007ffcaaf70000 - 0x00007ffcaaf88000 	C:\Users\s8115\.p2\pool\plugins\org.eclipse.justj.openjdk.hotspot.jre.full.win32.x86_64_15.0.2.v20210201-0955\jre\bin\zip.dll
0x00007ffcadb80000 - 0x00007ffcae2c2000 	C:\WINDOWS\System32\SHELL32.dll
0x00007ffcaa520000 - 0x00007ffcaacb1000 	C:\WINDOWS\SYSTEM32\windows.storage.dll
0x00007ffcaee60000 - 0x00007ffcaf1b5000 	C:\WINDOWS\System32\combase.dll
0x00007ffcac8d0000 - 0x00007ffcac8fc000 	C:\WINDOWS\SYSTEM32\Wldp.dll
0x00007ffcae920000 - 0x00007ffcae9ce000 	C:\WINDOWS\System32\SHCORE.dll
0x00007ffcaf1c0000 - 0x00007ffcaf215000 	C:\WINDOWS\System32\shlwapi.dll
0x00007ffcad0f0000 - 0x00007ffcad10f000 	C:\WINDOWS\SYSTEM32\profapi.dll
0x00007ffcaaf50000 - 0x00007ffcaaf69000 	C:\Users\s8115\.p2\pool\plugins\org.eclipse.justj.openjdk.hotspot.jre.full.win32.x86_64_15.0.2.v20210201-0955\jre\bin\net.dll
0x00007ffc9e850000 - 0x00007ffc9e95b000 	C:\WINDOWS\SYSTEM32\WINHTTP.dll
0x00007ffcac580000 - 0x00007ffcac5ea000 	C:\WINDOWS\system32\mswsock.dll
0x00007ffcaaf30000 - 0x00007ffcaaf42000 	C:\Users\s8115\.p2\pool\plugins\org.eclipse.justj.openjdk.hotspot.jre.full.win32.x86_64_15.0.2.v20210201-0955\jre\bin\nio.dll
0x00007ffcaad70000 - 0x00007ffcaad79000 	C:\Users\s8115\.p2\pool\plugins\org.eclipse.justj.openjdk.hotspot.jre.full.win32.x86_64_15.0.2.v20210201-0955\jre\bin\management.dll
0x00007ffcaad60000 - 0x00007ffcaad6b000 	C:\Users\s8115\.p2\pool\plugins\org.eclipse.justj.openjdk.hotspot.jre.full.win32.x86_64_15.0.2.v20210201-0955\jre\bin\management_ext.dll
0x00007ffc99190000 - 0x00007ffc991a7000 	C:\WINDOWS\system32\napinsp.dll
0x00007ffc99170000 - 0x00007ffc9918b000 	C:\WINDOWS\system32\pnrpnsp.dll
0x00007ffc97a20000 - 0x00007ffc97a35000 	C:\WINDOWS\system32\wshbth.dll
0x00007ffca7240000 - 0x00007ffca725d000 	C:\WINDOWS\system32\NLAapi.dll
0x00007ffcabfb0000 - 0x00007ffcabfeb000 	C:\WINDOWS\SYSTEM32\IPHLPAPI.DLL
0x00007ffcabff0000 - 0x00007ffcac0bc000 	C:\WINDOWS\SYSTEM32\DNSAPI.dll
0x00007ffcaf6d0000 - 0x00007ffcaf6d8000 	C:\WINDOWS\System32\NSI.dll
0x00007ffc97780000 - 0x00007ffc97792000 	C:\WINDOWS\System32\winrnr.dll
0x00007ffc9ddd0000 - 0x00007ffc9ddda000 	C:\Windows\System32\rasadhlp.dll
0x00007ffc9ead0000 - 0x00007ffc9eb4f000 	C:\WINDOWS\System32\fwpuclnt.dll
0x00007ffcad550000 - 0x00007ffcad577000 	C:\WINDOWS\System32\bcrypt.dll
0x00007ffcacf40000 - 0x00007ffcacf58000 	C:\WINDOWS\SYSTEM32\CRYPTSP.dll
0x00007ffcabc60000 - 0x00007ffcabc94000 	C:\WINDOWS\system32\rsaenh.dll
0x00007ffcad0b0000 - 0x00007ffcad0de000 	C:\WINDOWS\SYSTEM32\USERENV.dll
0x00007ffcac830000 - 0x00007ffcac83c000 	C:\WINDOWS\SYSTEM32\CRYPTBASE.dll
0x00007ffca9ac0000 - 0x00007ffca9ad7000 	C:\WINDOWS\SYSTEM32\dhcpcsvc6.DLL
0x00007ffca9aa0000 - 0x00007ffca9abd000 	C:\WINDOWS\SYSTEM32\dhcpcsvc.DLL
0x00007ffcaaf20000 - 0x00007ffcaaf30000 	C:\Users\s8115\.p2\pool\plugins\org.eclipse.justj.openjdk.hotspot.jre.full.win32.x86_64_15.0.2.v20210201-0955\jre\bin\verify.dll

dbghelp: loaded successfully - version: 4.0.5 - missing functions: none
symbol engine: initialized successfully - sym options: 0x614 - pdb path: .;C:\Users\s8115\.p2\pool\plugins\org.eclipse.justj.openjdk.hotspot.jre.full.win32.x86_64_15.0.2.v20210201-0955\jre\bin;C:\WINDOWS\SYSTEM32;C:\WINDOWS\WinSxS\amd64_microsoft.windows.common-controls_6595b64144ccf1df_6.0.19041.844_none_ca00b6081b84eb1d;C:\Users\s8115\.p2\pool\plugins\org.eclipse.justj.openjdk.hotspot.jre.full.win32.x86_64_15.0.2.v20210201-0955\jre\bin\server

VM Arguments:
jvm_args: -Dcom.sun.management.jmxremote -Dcom.sun.management.jmxremote.port=49769 -Dcom.sun.management.jmxremote.authenticate=false -Dcom.sun.management.jmxremote.ssl=false -Djava.rmi.server.hostname=localhost -Dspring.jmx.enabled=true -Dspring.application.admin.enabled=true -XX:TieredStopAtLevel=1 -Dspring.boot.project.name=demo-3 -Dfile.encoding=UTF-8 -XX:+ShowCodeDetailsInExceptionMessages 
java_command: com.example.demo.Demo3Application
java_class_path (initial): C:\Users\s8115\eclipse-workspace\demo-3\target\classes;C:\Users\s8115\.m2\repository\org\springframework\boot\spring-boot-starter-jdbc\2.4.5\spring-boot-starter-jdbc-2.4.5.jar;C:\Users\s8115\.m2\repository\org\springframework\boot\spring-boot-starter\2.4.5\spring-boot-starter-2.4.5.jar;C:\Users\s8115\.m2\repository\org\springframework\boot\spring-boot\2.4.5\spring-boot-2.4.5.jar;C:\Users\s8115\.m2\repository\org\springframework\boot\spring-boot-autoconfigure\2.4.5\spring-boot-autoconfigure-2.4.5.jar;C:\Users\s8115\.m2\repository\org\springframework\boot\spring-boot-starter-logging\2.4.5\spring-boot-starter-logging-2.4.5.jar;C:\Users\s8115\.m2\repository\ch\qos\logback\logback-classic\1.2.3\logback-classic-1.2.3.jar;C:\Users\s8115\.m2\repository\ch\qos\logback\logback-core\1.2.3\logback-core-1.2.3.jar;C:\Users\s8115\.m2\repository\org\apache\logging\log4j\log4j-to-slf4j\2.13.3\log4j-to-slf4j-2.13.3.jar;C:\Users\s8115\.m2\repository\org\apache\logging\log4j\log4j-api\2.13.3\log4j-api-2.13.3.jar;C:\Users\s8115\.m2\repository\org\slf4j\jul-to-slf4j\1.7.30\jul-to-slf4j-1.7.30.jar;C:\Users\s8115\.m2\repository\jakarta\annotation\jakarta.annotation-api\1.3.5\jakarta.annotation-api-1.3.5.jar;C:\Users\s8115\.m2\repository\org\yaml\snakeyaml\1.27\snakeyaml-1.27.jar;C:\Users\s8115\.m2\repository\com\zaxxer\HikariCP\3.4.5\HikariCP-3.4.5.jar;C:\Users\s8115\.m2\repository\org\slf4j\slf4j-api\1.7.30\slf4j-api-1.7.30.jar;C:\Users\s8115\.m2\repository\org\springframework\spring-jdbc\5.3.6\spring-jdbc-5.3.6.jar;C:\Users\s8115\.m2\repository\org\springframework\spring-beans\5.3.6\spring-beans-5.3.6.jar;C:\Users\s8115\.m2\repository\org\springframework\spring-tx\5.3.6\spring-tx-5.3.6.jar;C:\Users\s8115\.m2\repository\org\springframework\boot\spring-boot-starter-web\2.4.5\spring-boot-starter-web-2.4.5.jar;C:\Users\s8115\.m2\repository\org\springframework\boot\spring-boot-starter-json\2.4.5\spring-boot-starter-json-2.4.5.jar;C:\Users\s8115\.m2\repository\com\
Launcher Type: SUN_STANDARD

[Global flags]
     intx CICompilerCount                          = 3                                         {product} {ergonomic}
     uint ConcGCThreads                            = 1                                         {product} {ergonomic}
     uint G1ConcRefinementThreads                  = 4                                         {product} {ergonomic}
   size_t G1HeapRegionSize                         = 1048576                                   {product} {ergonomic}
    uintx GCDrainStackTargetSize                   = 64                                        {product} {ergonomic}
   size_t InitialHeapSize                          = 134217728                                 {product} {ergonomic}
     bool ManagementServer                         = true                                      {product} {command line}
   size_t MarkStackSize                            = 4194304                                   {product} {ergonomic}
   size_t MaxHeapSize                              = 2126512128                                {product} {ergonomic}
   size_t MaxNewSize                               = 1275068416                                {product} {ergonomic}
   size_t MinHeapDeltaBytes                        = 1048576                                   {product} {ergonomic}
   size_t MinHeapSize                              = 8388608                                   {product} {ergonomic}
    uintx NonNMethodCodeHeapSize                   = 6973028                                {pd product} {ergonomic}
    uintx NonProfiledCodeHeapSize                  = 244685212                              {pd product} {ergonomic}
    uintx ProfiledCodeHeapSize                     = 0                                      {pd product} {ergonomic}
    uintx ReservedCodeCacheSize                    = 251658240                              {pd product} {ergonomic}
     bool SegmentedCodeCache                       = true                                      {product} {ergonomic}
     bool ShowCodeDetailsInExceptionMessages       = true                                   {manageable} {command line}
   size_t SoftMaxHeapSize                          = 2126512128                             {manageable} {ergonomic}
     intx TieredStopAtLevel                        = 1                                         {product} {command line}
     bool UseCompressedClassPointers               = true                                 {lp64_product} {ergonomic}
     bool UseCompressedOops                        = true                                 {lp64_product} {ergonomic}
     bool UseG1GC                                  = true                                      {product} {ergonomic}
     bool UseLargePagesIndividualAllocation        = false                                  {pd product} {ergonomic}

Logging:
Log output configuration:
 #0: stdout all=warning uptime,level,tags
 #1: stderr all=off uptime,level,tags

Environment Variables:
JAVA_HOME=C:\Program Files\Java\jdk-11.0.11+9
CLASSPATH=C:\Users\s8115\Downloads\Programs\Microsoft JDBC Driver 7.2 for SQL Server\sqljdbc_7.2\enu\mssql-jdbc-7.2.2.jre8;
PATH=C:/Users/s8115/.p2/pool/plugins/org.eclipse.justj.openjdk.hotspot.jre.full.win32.x86_64_15.0.2.v20210201-0955/jre/bin/server;C:/Users/s8115/.p2/pool/plugins/org.eclipse.justj.openjdk.hotspot.jre.full.win32.x86_64_15.0.2.v20210201-0955/jre/bin;C:\WINDOWS\system32;C:\WINDOWS;C:\WINDOWS\System32\Wbem;C:\WINDOWS\System32\WindowsPowerShell\v1.0\;C:\Program Files\Java\jdk-11.0.11+9\bin;C:\WINDOWS\System32\OpenSSH\;C:\Program Files (x86)\Windows Live\Shared;C:\Program Files\Intel\WiFi\bin\;C:\Program Files\Common Files\Intel\WirelessCommon\;C:\Program Files\Git\cmd;C:\Program Files\nodejs\;C:\MinGW\bin;C:\DevTools\apache-maven-3.6.3\bin;C:\Program Files\MySQL\MySQL Shell 8.0\bin\;C:\Users\s8115\AppData\Local\Microsoft\WindowsApps;C:\Users\s8115\AppData\Local\Programs\Microsoft VS Code\bin;C:\Program Files\heroku\bin;C:\Program Files\JetBrains\IntelliJ IDEA Community Edition 2020.1.1\bin;;C:\Users\s8115\AppData\Roaming\npm;C:\DevTools\apache-maven-3.6.3;C:\Program Files\Java\jdk-11.0.11+9\bin;;C:\Users\s8115\Desktop;
USERNAME=s8115
OS=Windows_NT
PROCESSOR_IDENTIFIER=Intel64 Family 6 Model 142 Stepping 9, GenuineIntel



---------------  S Y S T E M  ---------------

OS:
 Windows 10 , 64 bit Build 19041 (10.0.19041.928)
OS uptime: 0 days 0:10 hours

CPU: total 4 (initial active 4) (2 cores per cpu, 2 threads per core) family 6 model 142 stepping 9 microcode 0xde, cmov, cx8, fxsr, mmx, sse, sse2, sse3, ssse3, sse4.1, sse4.2, popcnt, vzeroupper, avx, avx2, aes, clmul, erms, 3dnowpref, lzcnt, ht, tsc, tscinvbit, bmi1, bmi2, adx, fma, clflush, clflushopt

Memory: 4k page, system-wide physical 8108M (4167M free)
TotalPageFile size 16300M (AvailPageFile size 11927M)
current process WorkingSet (physical memory assigned to process): 77M, peak: 77M
current process commit charge ("private bytes"): 217M, peak: 217M

vm_info: OpenJDK 64-Bit Server VM (15.0.2+7-27) for windows-amd64 JRE (15.0.2+7-27), built on Dec  7 2020 20:02:38 by "mach5one" with unknown MS VC++:1925

END.
